ERROR:  Error installing mini_racer:
	ERROR: Failed to build gem native extension.

    current directory: /Users/jlzhou/.gem/ruby/2.6.0/gems/mini_racer-0.6.3/ext/mini_racer_extension
/System/Library/Frameworks/Ruby.framework/Versions/2.6/usr/bin/ruby -I /System/Library/Frameworks/Ruby.framework/Versions/2.6/usr/lib/ruby/2.6.0 -r ./siteconf20230215-43736-ln4fbb.rb extconf.rb
checking for -lpthread... yes
checking for -lobjc... yes
SETTING CXX
checking for whether -Wl,--exclude-libs=ALL  is accepted as LDFLAGS... no
creating Makefile

current directory: /Users/jlzhou/.gem/ruby/2.6.0/gems/mini_racer-0.6.3/ext/mini_racer_extension
make "DESTDIR=" clean

current directory: /Users/jlzhou/.gem/ruby/2.6.0/gems/mini_racer-0.6.3/ext/mini_racer_extension
make "DESTDIR="
compiling mini_racer_extension.cc
clang-4.0: warning: argument unused during compilation: '-rdynamic' [-Wunused-command-line-argument]
In file included from mini_racer_extension.cc:2:
In file included from /Library/Developer/CommandLineTools/SDKs/MacOSX.sdk/System/Library/Frameworks/Ruby.framework/Versions/2.6/usr/include/ruby-2.6.0/ruby.h:33:
In file included from /Library/Developer/CommandLineTools/SDKs/MacOSX.sdk/System/Library/Frameworks/Ruby.framework/Versions/2.6/usr/include/ruby-2.6.0/ruby/ruby.h:29:
In file included from /Library/Developer/CommandLineTools/SDKs/MacOSX.sdk/System/Library/Frameworks/Ruby.framework/Versions/2.6/usr/include/ruby-2.6.0/ruby/defines.h:131:
/Users/jlzhou/anaconda3/bin/../include/c++/v1/stdlib.h:115:82: error: use of undeclared identifier 'labs'; did you mean 'abs'?
inline _LIBCPP_INLINE_VISIBILITY long      abs(     long __x) _NOEXCEPT {return  labs(__x);}
                                                                                 ^
/Users/jlzhou/anaconda3/bin/../include/c++/v1/stdlib.h:115:44: note: 'abs' declared here
inline _LIBCPP_INLINE_VISIBILITY long      abs(     long __x) _NOEXCEPT {return  labs(__x);}
                                           ^
/Users/jlzhou/anaconda3/bin/../include/c++/v1/stdlib.h:117:81: error: use of undeclared identifier 'llabs'
inline _LIBCPP_INLINE_VISIBILITY long long abs(long long __x) _NOEXCEPT {return llabs(__x);}
                                                                                ^
/Users/jlzhou/anaconda3/bin/../include/c++/v1/stdlib.h:120:35: error: unknown type name 'ldiv_t'; did you mean 'dev_t'?
inline _LIBCPP_INLINE_VISIBILITY  ldiv_t div(     long __x,      long __y) _NOEXCEPT {return  ldiv(__x, __y);}
                                  ^
/Library/Developer/CommandLineTools/SDKs/MacOSX.sdk/usr/include/sys/_types/_dev_t.h:31:31: note: 'dev_t' declared here
typedef __darwin_dev_t        dev_t;    /* device number */
                              ^
In file included from mini_racer_extension.cc:2:
In file included from /Library/Developer/CommandLineTools/SDKs/MacOSX.sdk/System/Library/Frameworks/Ruby.framework/Versions/2.6/usr/include/ruby-2.6.0/ruby.h:33:
In file included from /Library/Developer/CommandLineTools/SDKs/MacOSX.sdk/System/Library/Frameworks/Ruby.framework/Versions/2.6/usr/include/ruby-2.6.0/ruby/ruby.h:29:
In file included from /Library/Developer/CommandLineTools/SDKs/MacOSX.sdk/System/Library/Frameworks/Ruby.framework/Versions/2.6/usr/include/ruby-2.6.0/ruby/defines.h:131:
/Users/jlzhou/anaconda3/bin/../include/c++/v1/stdlib.h:120:95: error: use of undeclared identifier 'ldiv'; did you mean 'div'?
inline _LIBCPP_INLINE_VISIBILITY  ldiv_t div(     long __x,      long __y) _NOEXCEPT {return  ldiv(__x, __y);}
                                                                                              ^
/Users/jlzhou/anaconda3/bin/../include/c++/v1/stdlib.h:120:42: note: 'div' declared here
inline _LIBCPP_INLINE_VISIBILITY  ldiv_t div(     long __x,      long __y) _NOEXCEPT {return  ldiv(__x, __y);}
                                         ^
/Users/jlzhou/anaconda3/bin/../include/c++/v1/stdlib.h:122:34: error: unknown type name 'lldiv_t'
inline _LIBCPP_INLINE_VISIBILITY lldiv_t div(long long __x, long long __y) _NOEXCEPT {return lldiv(__x, __y);}
                                 ^
/Users/jlzhou/anaconda3/bin/../include/c++/v1/stdlib.h:122:94: error: use of undeclared identifier 'lldiv'
inline _LIBCPP_INLINE_VISIBILITY lldiv_t div(long long __x, long long __y) _NOEXCEPT {return lldiv(__x, __y);}
                                                                                             ^
In file included from mini_racer_extension.cc:2:
In file included from /Library/Developer/CommandLineTools/SDKs/MacOSX.sdk/System/Library/Frameworks/Ruby.framework/Versions/2.6/usr/include/ruby-2.6.0/ruby.h:33:
In file included from /Library/Developer/CommandLineTools/SDKs/MacOSX.sdk/System/Library/Frameworks/Ruby.framework/Versions/2.6/usr/include/ruby-2.6.0/ruby/ruby.h:29:
In file included from /Library/Developer/CommandLineTools/SDKs/MacOSX.sdk/System/Library/Frameworks/Ruby.framework/Versions/2.6/usr/include/ruby-2.6.0/ruby/defines.h:142:
/Users/jlzhou/anaconda3/bin/../include/c++/v1/string.h:74:64: error: use of undeclared identifier 'strchr'
char* __libcpp_strchr(const char* __s, int __c) {return (char*)strchr(__s, __c);}
                                                               ^
/Users/jlzhou/anaconda3/bin/../include/c++/v1/string.h:81:75: error: use of undeclared identifier 'strpbrk'
char* __libcpp_strpbrk(const char* __s1, const char* __s2) {return (char*)strpbrk(__s1, __s2);}
                                                                          ^
/Users/jlzhou/anaconda3/bin/../include/c++/v1/string.h:88:65: error: use of undeclared identifier 'strrchr'; did you mean 'strchr'?
char* __libcpp_strrchr(const char* __s, int __c) {return (char*)strrchr(__s, __c);}
                                                                ^
/Users/jlzhou/anaconda3/bin/../include/c++/v1/string.h:76:13: note: 'strchr' declared here
const char* strchr(const char* __s, int __c) {return __libcpp_strchr(__s, __c);}
            ^
/Users/jlzhou/anaconda3/bin/../include/c++/v1/string.h:95:76: error: use of undeclared identifier 'memchr'
void* __libcpp_memchr(const void* __s, int __c, size_t __n) {return (void*)memchr(__s, __c, __n);}
                                                                           ^
/Users/jlzhou/anaconda3/bin/../include/c++/v1/string.h:102:74: error: use of undeclared identifier 'strstr'; did you mean 'strchr'?
char* __libcpp_strstr(const char* __s1, const char* __s2) {return (char*)strstr(__s1, __s2);}
                                                                         ^
/Users/jlzhou/anaconda3/bin/../include/c++/v1/string.h:78:13: note: 'strchr' declared here
      char* strchr(      char* __s, int __c) {return __libcpp_strchr(__s, __c);}
            ^
/Users/jlzhou/anaconda3/bin/../include/c++/v1/string.h:102:74: error: no matching function for call to 'strchr'
char* __libcpp_strstr(const char* __s1, const char* __s2) {return (char*)strstr(__s1, __s2);}
                                                                         ^
/Users/jlzhou/anaconda3/bin/../include/c++/v1/string.h:78:13: note: candidate disabled: <no message provided>
      char* strchr(      char* __s, int __c) {return __libcpp_strchr(__s, __c);}
            ^
/Users/jlzhou/anaconda3/bin/../include/c++/v1/string.h:102:81: error: cannot initialize a parameter of type 'char *' with an lvalue of type 'const char *'
char* __libcpp_strstr(const char* __s1, const char* __s2) {return (char*)strstr(__s1, __s2);}
                                                                                ^~~~
/Users/jlzhou/anaconda3/bin/../include/c++/v1/string.h:78:32: note: passing argument to parameter '__s' here
      char* strchr(      char* __s, int __c) {return __libcpp_strchr(__s, __c);}
                               ^
In file included from mini_racer_extension.cc:2:
In file included from /Library/Developer/CommandLineTools/SDKs/MacOSX.sdk/System/Library/Frameworks/Ruby.framework/Versions/2.6/usr/include/ruby-2.6.0/ruby.h:33:
In file included from /Library/Developer/CommandLineTools/SDKs/MacOSX.sdk/System/Library/Frameworks/Ruby.framework/Versions/2.6/usr/include/ruby-2.6.0/ruby/ruby.h:29:
In file included from /Library/Developer/CommandLineTools/SDKs/MacOSX.sdk/System/Library/Frameworks/Ruby.framework/Versions/2.6/usr/include/ruby-2.6.0/ruby/defines.h:168:
In file included from /Library/Developer/CommandLineTools/SDKs/MacOSX.sdk/System/Library/Frameworks/Ruby.framework/Versions/2.6/usr/include/ruby-2.6.0/ruby/missing.h:23:
In file included from /Users/jlzhou/anaconda3/bin/../include/c++/v1/math.h:309:
In file included from /Users/jlzhou/anaconda3/bin/../include/c++/v1/type_traits:387:
/Users/jlzhou/anaconda3/bin/../include/c++/v1/cstddef:48:9: error: no member named 'ptrdiff_t' in the global namespace
using ::ptrdiff_t;
      ~~^
In file included from mini_racer_extension.cc:2:
In file included from /Library/Developer/CommandLineTools/SDKs/MacOSX.sdk/System/Library/Frameworks/Ruby.framework/Versions/2.6/usr/include/ruby-2.6.0/ruby.h:33:
In file included from /Library/Developer/CommandLineTools/SDKs/MacOSX.sdk/System/Library/Frameworks/Ruby.framework/Versions/2.6/usr/include/ruby-2.6.0/ruby/ruby.h:29:
In file included from /Library/Developer/CommandLineTools/SDKs/MacOSX.sdk/System/Library/Frameworks/Ruby.framework/Versions/2.6/usr/include/ruby-2.6.0/ruby/defines.h:168:
In file included from /Library/Developer/CommandLineTools/SDKs/MacOSX.sdk/System/Library/Frameworks/Ruby.framework/Versions/2.6/usr/include/ruby-2.6.0/ruby/missing.h:23:
/Users/jlzhou/anaconda3/bin/../include/c++/v1/math.h:640:39: error: use of undeclared identifier 'fabsf'
abs(float __lcpp_x) _NOEXCEPT {return fabsf(__lcpp_x);}
                                      ^
/Users/jlzhou/anaconda3/bin/../include/c++/v1/math.h:644:40: error: use of undeclared identifier 'fabs'; did you mean 'abs'?
abs(double __lcpp_x) _NOEXCEPT {return fabs(__lcpp_x);}
                                       ^
/Users/jlzhou/anaconda3/bin/../include/c++/v1/math.h:644:1: note: 'abs' declared here
abs(double __lcpp_x) _NOEXCEPT {return fabs(__lcpp_x);}
^
/Users/jlzhou/anaconda3/bin/../include/c++/v1/math.h:648:45: error: use of undeclared identifier 'fabsl'
abs(long double __lcpp_x) _NOEXCEPT {return fabsl(__lcpp_x);}
                                            ^
/Users/jlzhou/anaconda3/bin/../include/c++/v1/math.h:654:91: error: use of undeclared identifier 'acosf'; did you mean 'acos'?
inline _LIBCPP_INLINE_VISIBILITY float       acos(float __lcpp_x) _NOEXCEPT       {return acosf(__lcpp_x);}
                                                                                          ^
/Users/jlzhou/anaconda3/bin/../include/c++/v1/math.h:654:46: note: 'acos' declared here
inline _LIBCPP_INLINE_VISIBILITY float       acos(float __lcpp_x) _NOEXCEPT       {return acosf(__lcpp_x);}
                                             ^
/Users/jlzhou/anaconda3/bin/../include/c++/v1/math.h:655:91: error: use of undeclared identifier 'acosl'; did you mean 'acos'?
inline _LIBCPP_INLINE_VISIBILITY long double acos(long double __lcpp_x) _NOEXCEPT {return acosl(__lcpp_x);}
                                                                                          ^
/Users/jlzhou/anaconda3/bin/../include/c++/v1/math.h:655:46: note: 'acos' declared here
inline _LIBCPP_INLINE_VISIBILITY long double acos(long double __lcpp_x) _NOEXCEPT {return acosl(__lcpp_x);}
                                             ^
fatal error: too many errors emitted, stopping now [-ferror-limit=]
20 errors generated.
make: *** [Makefile:213: mini_racer_extension.o] Error 1

make failed, exit code 2

Gem files will remain installed in /Users/jlzhou/.gem/ruby/2.6.0/gems/mini_racer-0.6.3 for inspection.
Results logged to /Users/jlzhou/.gem/ruby/2.6.0/extensions/universal-darwin-21/2.6.0/mini_racer-0.6.3/gem_make.out
